[debug] [2022-10-18T11:32:30.498Z] ----------------------------------------------------------------------
[debug] [2022-10-18T11:32:30.502Z] Command:       C:\Program Files\nodejs\node.exe C:\Users\For_M\AppData\Roaming\npm\node_modules\firebase-tools\lib\bin\firebase.js init
[debug] [2022-10-18T11:32:30.502Z] CLI Version:   11.14.2
[debug] [2022-10-18T11:32:30.502Z] Platform:      win32
[debug] [2022-10-18T11:32:30.503Z] Node Version:  v16.17.1
[debug] [2022-10-18T11:32:30.505Z] Time:          Tue Oct 18 2022 19:32:30 GMT+0800 (Singapore Standard Time)
[debug] [2022-10-18T11:32:30.506Z] ----------------------------------------------------------------------
[debug] 
[debug] [2022-10-18T11:32:30.511Z] >>> [apiv2][query] GET https://firebase-public.firebaseio.com/cli.json [none]
[debug] [2022-10-18T11:32:30.690Z] > command requires scopes: ["email","openid","https://www.googleapis.com/auth/cloudplatformprojects.readonly","https://www.googleapis.com/auth/firebase","https://www.googleapis.com/auth/cloud-platform"]
[debug] [2022-10-18T11:32:30.691Z] > authorizing via signed-in user (melvinngchuanjie@gmail.com)
[info] 
     ######## #### ########  ######## ########     ###     ######  ########
     ##        ##  ##     ## ##       ##     ##  ##   ##  ##       ##
     ######    ##  ########  ######   ########  #########  ######  ######
     ##        ##  ##    ##  ##       ##     ## ##     ##       ## ##
     ##       #### ##     ## ######## ########  ##     ##  ######  ########

You're about to initialize a Firebase project in this directory:

  C:\wamp64\www\GitHub\helpplease\mortalportal

Before we get started, keep in mind:

  * You are currently outside your home directory
  * You are initializing within an existing Firebase project directory

[debug] [2022-10-18T11:32:31.217Z] <<< [apiv2][status] GET https://firebase-public.firebaseio.com/cli.json 200
[debug] [2022-10-18T11:32:31.217Z] <<< [apiv2][body] GET https://firebase-public.firebaseio.com/cli.json {"cloudBuildErrorAfter":1594252800000,"cloudBuildWarnAfter":1590019200000,"defaultNode10After":1594252800000,"minVersion":"3.0.5","node8DeploysDisabledAfter":1613390400000,"node8RuntimeDisabledAfter":1615809600000,"node8WarnAfter":1600128000000}
[info] 
=== Project Setup
[info] 
[info] First, let's associate this project directory with a Firebase project.
[info] You can create multiple project aliases by running firebase use --add, 
[info] but for now we'll just set up a default project.
[info] 
[debug] [2022-10-18T11:32:56.038Z] Using project from CLI flag: dreemteem-829c5
[debug] [2022-10-18T11:32:56.041Z] > refreshing access token with scopes: []
[debug] [2022-10-18T11:32:56.043Z] >>> [apiv2][query] POST https://www.googleapis.com/oauth2/v3/token [none]
[debug] [2022-10-18T11:32:56.043Z] >>> [apiv2][body] POST https://www.googleapis.com/oauth2/v3/token [omitted]
[debug] [2022-10-18T11:32:56.129Z] <<< [apiv2][status] POST https://www.googleapis.com/oauth2/v3/token 200
[debug] [2022-10-18T11:32:56.129Z] <<< [apiv2][body] POST https://www.googleapis.com/oauth2/v3/token [omitted]
[debug] [2022-10-18T11:32:56.143Z] >>> [apiv2][query] GET https://firebase.googleapis.com/v1beta1/projects/dreemteem-829c5 [none]
[debug] [2022-10-18T11:32:56.435Z] <<< [apiv2][status] GET https://firebase.googleapis.com/v1beta1/projects/dreemteem-829c5 200
[debug] [2022-10-18T11:32:56.435Z] <<< [apiv2][body] GET https://firebase.googleapis.com/v1beta1/projects/dreemteem-829c5 {"projectId":"dreemteem-829c5","projectNumber":"766447710623","displayName":"DreemTeem","name":"projects/dreemteem-829c5","resources":{"hostingSite":"dreemteem-829c5","realtimeDatabaseInstance":"dreemteem-829c5-default-rtdb","storageBucket":"dreemteem-829c5.appspot.com","locationId":"us-central"},"state":"ACTIVE","etag":"1_5ccaf734-6bdb-4087-9820-74728d72f747"}
[info] i  Using project dreemteem-829c5 (DreemTeem) 
[info] 
=== Hosting Setup
[info] 
[info] Your public directory is the folder (relative to your project directory) that
[info] will contain Hosting assets to be uploaded with firebase deploy. If you
[info] have a build process for your assets, use your build's output directory.
[info] 
